Flow report for BrightnessFilter
Sun Jun 22 13:59:38 2025
Quartus Prime Version 20.1.1 Build 720 11/11/2020 SJ Lite Edition


---------------------
; Table of Contents ;
---------------------
  1. Legal Notice
  2. Flow Summary
  3. Flow Settings
  4. Flow Non-Default Global Settings
  5. Flow Elapsed Time
  6. Flow OS Summary
  7. Flow Log
  8. Flow Messages
  9. Flow Suppressed Messages



----------------
; Legal Notice ;
----------------
Copyright (C) 2020  Intel Corporation. All rights reserved.
Your use of Intel Corporation's design tools, logic functions 
and other software and tools, and any partner logic 
functions, and any output files from any of the foregoing 
(including device programming or simulation files), and any 
associated documentation or information are expressly subject 
to the terms and conditions of the Intel Program License 
Subscription Agreement, the Intel Quartus Prime License Agreement,
the Intel FPGA IP License Agreement, or other applicable license
agreement, including, without limitation, that your use is for
the sole purpose of programming logic devices manufactured by
Intel and sold by Intel or its authorized distributors.  Please
refer to the applicable agreement for further details, at
https://fpgasoftware.intel.com/eula.



+-------------------------------------------------------------------------------+
; Flow Summary                                                                  ;
+---------------------------------+---------------------------------------------+
; Flow Status                     ; Successful - Sun Jun 22 13:59:38 2025       ;
; Quartus Prime Version           ; 20.1.1 Build 720 11/11/2020 SJ Lite Edition ;
; Revision Name                   ; BrightnessFilter                            ;
; Top-level Entity Name           ; top                                         ;
; Family                          ; Cyclone V                                   ;
; Device                          ; 5CSEMA5F31C6                                ;
; Timing Models                   ; Final                                       ;
; Logic utilization (in ALMs)     ; 82 / 32,070 ( < 1 % )                       ;
; Total registers                 ; 161                                         ;
; Total pins                      ; 64 / 457 ( 14 % )                           ;
; Total virtual pins              ; 0                                           ;
; Total block memory bits         ; 0 / 4,065,280 ( 0 % )                       ;
; Total DSP Blocks                ; 0 / 87 ( 0 % )                              ;
; Total HSSI RX PCSs              ; 0                                           ;
; Total HSSI PMA RX Deserializers ; 0                                           ;
; Total HSSI TX PCSs              ; 0                                           ;
; Total HSSI PMA TX Serializers   ; 0                                           ;
; Total PLLs                      ; 0 / 6 ( 0 % )                               ;
; Total DLLs                      ; 0 / 4 ( 0 % )                               ;
+---------------------------------+---------------------------------------------+


+-----------------------------------------+
; Flow Settings                           ;
+-------------------+---------------------+
; Option            ; Setting             ;
+-------------------+---------------------+
; Start date & time ; 06/22/2025 13:56:56 ;
; Main task         ; Compilation         ;
; Revision Name     ; BrightnessFilter    ;
+-------------------+---------------------+


+----------------------------------------------------------------------------------------------------------------------------------------------------------+
; Flow Non-Default Global Settings                                                                                                                         ;
+--------------------------------------+-----------------------------------------------------------+------------------+-------------+----------------------+
; Assignment Name                      ; Value                                                     ; Default Value    ; Entity Name ; Section Id           ;
+--------------------------------------+-----------------------------------------------------------+------------------+-------------+----------------------+
; COMPILER_SIGNATURE_ID                ; 1096770795724.175062221611300                             ; --               ; --          ; --                   ;
; EDA_DESIGN_INSTANCE_NAME             ; NA                                                        ; --               ; --          ; MMU_negative_tb      ;
; EDA_DESIGN_INSTANCE_NAME             ; NA                                                        ; --               ; --          ; TPU_System_tb        ;
; EDA_DESIGN_INSTANCE_NAME             ; NA                                                        ; --               ; --          ; MMU_diagonalzeros_tb ;
; EDA_DESIGN_INSTANCE_NAME             ; NA                                                        ; --               ; --          ; Matrix_Controller_tb ;
; EDA_DESIGN_INSTANCE_NAME             ; NA                                                        ; --               ; --          ; MMU_normalizer_tb    ;
; EDA_DESIGN_INSTANCE_NAME             ; NA                                                        ; --               ; --          ; MMU_tb               ;
; EDA_DESIGN_INSTANCE_NAME             ; NA                                                        ; --               ; --          ; ram_tb               ;
; EDA_DESIGN_INSTANCE_NAME             ; NA                                                        ; --               ; --          ; RAM_Loader_tb        ;
; EDA_NATIVELINK_SIMULATION_TEST_BENCH ; MMU_diagonalzeros_tb                                      ; --               ; --          ; eda_simulation       ;
; EDA_OUTPUT_DATA_FORMAT               ; Systemverilog Hdl                                         ; --               ; --          ; eda_simulation       ;
; EDA_SIMULATION_TOOL                  ; ModelSim-Altera (SystemVerilog)                           ; <None>           ; --          ; --                   ;
; EDA_TEST_BENCH_ENABLE_STATUS         ; TEST_BENCH_MODE                                           ; --               ; --          ; eda_simulation       ;
; EDA_TEST_BENCH_FILE                  ; MMU_negative_tb.sv                                        ; --               ; --          ; MMU_negative_tb      ;
; EDA_TEST_BENCH_FILE                  ; TPU_System_tb.sv                                          ; --               ; --          ; TPU_System_tb        ;
; EDA_TEST_BENCH_FILE                  ; MMU_diagonalzeros_tb.sv                                   ; --               ; --          ; MMU_diagonalzeros_tb ;
; EDA_TEST_BENCH_FILE                  ; Matrix_Controller_tb.sv                                   ; --               ; --          ; Matrix_Controller_tb ;
; EDA_TEST_BENCH_FILE                  ; MMU_normalizer_tb.sv                                      ; --               ; --          ; MMU_normalizer_tb    ;
; EDA_TEST_BENCH_FILE                  ; MMU_tb.sv                                                 ; --               ; --          ; MMU_tb               ;
; EDA_TEST_BENCH_FILE                  ; ram_tb.sv                                                 ; --               ; --          ; ram_tb               ;
; EDA_TEST_BENCH_FILE                  ; RAM_Loader_tb.sv                                          ; --               ; --          ; RAM_Loader_tb        ;
; EDA_TEST_BENCH_MODULE_NAME           ; MMU_negative_tb                                           ; --               ; --          ; MMU_negative_tb      ;
; EDA_TEST_BENCH_MODULE_NAME           ; TPU_System_tb                                             ; --               ; --          ; TPU_System_tb        ;
; EDA_TEST_BENCH_MODULE_NAME           ; MMU_diagonalzeros_tb                                      ; --               ; --          ; MMU_diagonalzeros_tb ;
; EDA_TEST_BENCH_MODULE_NAME           ; Matrix_Controller_tb                                      ; --               ; --          ; Matrix_Controller_tb ;
; EDA_TEST_BENCH_MODULE_NAME           ; MMU_normalizer_tb                                         ; --               ; --          ; MMU_normalizer_tb    ;
; EDA_TEST_BENCH_MODULE_NAME           ; MMU_tb                                                    ; --               ; --          ; MMU_tb               ;
; EDA_TEST_BENCH_MODULE_NAME           ; ram_tb                                                    ; --               ; --          ; ram_tb               ;
; EDA_TEST_BENCH_MODULE_NAME           ; RAM_Loader_tb                                             ; --               ; --          ; RAM_Loader_tb        ;
; EDA_TEST_BENCH_NAME                  ; MMU_tb                                                    ; --               ; --          ; eda_simulation       ;
; EDA_TEST_BENCH_NAME                  ; MMU_negative_tb                                           ; --               ; --          ; eda_simulation       ;
; EDA_TEST_BENCH_NAME                  ; ram_tb                                                    ; --               ; --          ; eda_simulation       ;
; EDA_TEST_BENCH_NAME                  ; TPU_System_tb                                             ; --               ; --          ; eda_simulation       ;
; EDA_TEST_BENCH_NAME                  ; Matrix_Controller_tb                                      ; --               ; --          ; eda_simulation       ;
; EDA_TEST_BENCH_NAME                  ; MMU_normalizer_tb                                         ; --               ; --          ; eda_simulation       ;
; EDA_TEST_BENCH_NAME                  ; RAM_Loader_tb                                             ; --               ; --          ; eda_simulation       ;
; EDA_TEST_BENCH_NAME                  ; MMU_diagonalzeros_tb                                      ; --               ; --          ; eda_simulation       ;
; EDA_TIME_SCALE                       ; 1 ps                                                      ; --               ; --          ; eda_simulation       ;
; MAX_CORE_JUNCTION_TEMP               ; 85                                                        ; --               ; --          ; --                   ;
; MIN_CORE_JUNCTION_TEMP               ; 0                                                         ; --               ; --          ; --                   ;
; MISC_FILE                            ; u_vjtag/synthesis/../u_vjtag.cmp                          ; --               ; --          ; --                   ;
; MISC_FILE                            ; u_vjtag/synthesis/../../u_vjtag.qsys                      ; --               ; --          ; --                   ;
; MISC_FILE                            ; ram1_bb.v                                                 ; --               ; --          ; --                   ;
; MISC_FILE                            ; ram2_bb.v                                                 ; --               ; --          ; --                   ;
; PARTITION_COLOR                      ; -- (Not supported for targeted family)                    ; --               ; top         ; Top                  ;
; PARTITION_FITTER_PRESERVATION_LEVEL  ; -- (Not supported for targeted family)                    ; --               ; top         ; Top                  ;
; PARTITION_NETLIST_TYPE               ; -- (Not supported for targeted family)                    ; --               ; top         ; Top                  ;
; POWER_BOARD_THERMAL_MODEL            ; None (CONSERVATIVE)                                       ; --               ; --          ; --                   ;
; POWER_PRESET_COOLING_SOLUTION        ; 23 MM HEAT SINK WITH 200 LFPM AIRFLOW                     ; --               ; --          ; --                   ;
; PROJECT_OUTPUT_DIRECTORY             ; output_files                                              ; --               ; --          ; --                   ;
; SLD_FILE                             ; u_vjtag/synthesis/u_vjtag.debuginfo                       ; --               ; --          ; --                   ;
; SLD_INFO                             ; QSYS_NAME u_vjtag HAS_SOPCINFO 1 GENERATION_ID 1750621230 ; --               ; u_vjtag     ; --                   ;
; SOPCINFO_FILE                        ; u_vjtag/synthesis/../../u_vjtag.sopcinfo                  ; --               ; --          ; --                   ;
; SYNTHESIS_ONLY_QIP                   ; On                                                        ; --               ; --          ; --                   ;
; TOP_LEVEL_ENTITY                     ; top                                                       ; BrightnessFilter ; --          ; --                   ;
+--------------------------------------+-----------------------------------------------------------+------------------+-------------+----------------------+


+--------------------------------------------------------------------------------------------------------------------------+
; Flow Elapsed Time                                                                                                        ;
+----------------------+--------------+-------------------------+---------------------+------------------------------------+
; Module Name          ; Elapsed Time ; Average Processors Used ; Peak Virtual Memory ; Total CPU Time (on all processors) ;
+----------------------+--------------+-------------------------+---------------------+------------------------------------+
; Analysis & Synthesis ; 00:00:38     ; 1.0                     ; 4895 MB             ; 00:01:08                           ;
; Fitter               ; 00:01:16     ; 1.0                     ; 6598 MB             ; 00:01:49                           ;
; Assembler            ; 00:00:22     ; 1.0                     ; 4845 MB             ; 00:00:11                           ;
; Timing Analyzer      ; 00:00:17     ; 1.1                     ; 5158 MB             ; 00:00:16                           ;
; EDA Netlist Writer   ; 00:00:03     ; 1.0                     ; 4734 MB             ; 00:00:03                           ;
; Total                ; 00:02:36     ; --                      ; --                  ; 00:03:27                           ;
+----------------------+--------------+-------------------------+---------------------+------------------------------------+


+------------------------------------------------------------------------------------+
; Flow OS Summary                                                                    ;
+----------------------+------------------+------------+------------+----------------+
; Module Name          ; Machine Hostname ; OS Name    ; OS Version ; Processor type ;
+----------------------+------------------+------------+------------+----------------+
; Analysis & Synthesis ; LAPTOP-85GS8ERK  ; Windows 10 ; 10.0       ; x86_64         ;
; Fitter               ; LAPTOP-85GS8ERK  ; Windows 10 ; 10.0       ; x86_64         ;
; Assembler            ; LAPTOP-85GS8ERK  ; Windows 10 ; 10.0       ; x86_64         ;
; Timing Analyzer      ; LAPTOP-85GS8ERK  ; Windows 10 ; 10.0       ; x86_64         ;
; EDA Netlist Writer   ; LAPTOP-85GS8ERK  ; Windows 10 ; 10.0       ; x86_64         ;
+----------------------+------------------+------------+------------+----------------+


------------
; Flow Log ;
------------
quartus_map --read_settings_files=on --write_settings_files=off BrightnessFilter -c BrightnessFilter
quartus_fit --read_settings_files=off --write_settings_files=off BrightnessFilter -c BrightnessFilter
quartus_asm --read_settings_files=off --write_settings_files=off BrightnessFilter -c BrightnessFilter
quartus_sta BrightnessFilter -c BrightnessFilter
quartus_eda --read_settings_files=off --write_settings_files=off BrightnessFilter -c BrightnessFilter



