Analysis & Elaboration report for BrightnessFilter
Mon Jun 16 01:03:02 2025
Quartus Prime Version 20.1.0 Build 711 06/05/2020 SJ Lite Edition


---------------------
; Table of Contents ;
---------------------
  1. Legal Notice
  2. Analysis & Elaboration Summary
  3. Parallel Compilation
  4. Analysis & Elaboration IP Cores Summary
  5. Source assignments for ram1:dut|altsyncram:altsyncram_component|altsyncram_94p1:auto_generated
  6. Parameter Settings for User Entity Instance: ram1:dut|altsyncram:altsyncram_component
  7. altsyncram Parameter Settings by Entity Instance
  8. Analysis & Elaboration Settings
  9. Port Connectivity Checks: "ram1:dut"
 10. Analysis & Elaboration Messages



----------------
; Legal Notice ;
----------------
Copyright (C) 2020  Intel Corporation. All rights reserved.
Your use of Intel Corporation's design tools, logic functions 
and other software and tools, and any partner logic 
functions, and any output files from any of the foregoing 
(including device programming or simulation files), and any 
associated documentation or information are expressly subject 
to the terms and conditions of the Intel Program License 
Subscription Agreement, the Intel Quartus Prime License Agreement,
the Intel FPGA IP License Agreement, or other applicable license
agreement, including, without limitation, that your use is for
the sole purpose of programming logic devices manufactured by
Intel and sold by Intel or its authorized distributors.  Please
refer to the applicable agreement for further details, at
https://fpgasoftware.intel.com/eula.



+-----------------------------------------------------------------------------+
; Analysis & Elaboration Summary                                              ;
+-------------------------------+---------------------------------------------+
; Analysis & Elaboration Status ; Successful - Mon Jun 16 01:03:02 2025       ;
; Quartus Prime Version         ; 20.1.0 Build 711 06/05/2020 SJ Lite Edition ;
; Revision Name                 ; BrightnessFilter                            ;
; Top-level Entity Name         ; ram_tb                                      ;
; Family                        ; Cyclone V                                   ;
; Logic utilization (in ALMs)   ; N/A until Partition Merge                   ;
; Total registers               ; N/A until Partition Merge                   ;
; Total pins                    ; N/A until Partition Merge                   ;
; Total virtual pins            ; N/A until Partition Merge                   ;
; Total block memory bits       ; N/A until Partition Merge                   ;
; Total PLLs                    ; N/A until Partition Merge                   ;
; Total DLLs                    ; N/A until Partition Merge                   ;
+-------------------------------+---------------------------------------------+


+------------------------------------------+
; Parallel Compilation                     ;
+----------------------------+-------------+
; Processors                 ; Number      ;
+----------------------------+-------------+
; Number detected on machine ; 16          ;
; Maximum allowed            ; 16          ;
;                            ;             ;
; Average used               ; 1.00        ;
; Maximum used               ; 1           ;
;                            ;             ;
; Usage by Processor         ; % Time Used ;
;     Processor 1            ; 100.0%      ;
+----------------------------+-------------+


+----------------------------------------------------------------------------------------------------+
; Analysis & Elaboration IP Cores Summary                                                            ;
+--------+--------------+---------+--------------+--------------+------------------+-----------------+
; Vendor ; IP Core Name ; Version ; Release Date ; License Type ; Entity Instance  ; IP Include File ;
+--------+--------------+---------+--------------+--------------+------------------+-----------------+
; Altera ; RAM: 1-PORT  ; 20.1    ; N/A          ; N/A          ; |ram_tb|ram1:dut ; ram1.v          ;
+--------+--------------+---------+--------------+--------------+------------------+-----------------+


+------------------------------------------------------------------------------------------------+
; Source assignments for ram1:dut|altsyncram:altsyncram_component|altsyncram_94p1:auto_generated ;
+---------------------------------+--------------------+------+----------------------------------+
; Assignment                      ; Value              ; From ; To                               ;
+---------------------------------+--------------------+------+----------------------------------+
; OPTIMIZE_POWER_DURING_SYNTHESIS ; NORMAL_COMPILATION ; -    ; -                                ;
+---------------------------------+--------------------+------+----------------------------------+


+---------------------------------------------------------------------------------------+
; Parameter Settings for User Entity Instance: ram1:dut|altsyncram:altsyncram_component ;
+------------------------------------+----------------------+---------------------------+
; Parameter Name                     ; Value                ; Type                      ;
+------------------------------------+----------------------+---------------------------+
; BYTE_SIZE_BLOCK                    ; 8                    ; Untyped                   ;
; AUTO_CARRY_CHAINS                  ; ON                   ; AUTO_CARRY                ;
; IGNORE_CARRY_BUFFERS               ; OFF                  ; IGNORE_CARRY              ;
; AUTO_CASCADE_CHAINS                ; ON                   ; AUTO_CASCADE              ;
; IGNORE_CASCADE_BUFFERS             ; OFF                  ; IGNORE_CASCADE            ;
; WIDTH_BYTEENA                      ; 1                    ; Untyped                   ;
; OPERATION_MODE                     ; SINGLE_PORT          ; Untyped                   ;
; WIDTH_A                            ; 8                    ; Signed Integer            ;
; WIDTHAD_A                          ; 6                    ; Signed Integer            ;
; NUMWORDS_A                         ; 64                   ; Signed Integer            ;
; OUTDATA_REG_A                      ; UNREGISTERED         ; Untyped                   ;
; ADDRESS_ACLR_A                     ; NONE                 ; Untyped                   ;
; OUTDATA_ACLR_A                     ; NONE                 ; Untyped                   ;
; WRCONTROL_ACLR_A                   ; NONE                 ; Untyped                   ;
; INDATA_ACLR_A                      ; NONE                 ; Untyped                   ;
; BYTEENA_ACLR_A                     ; NONE                 ; Untyped                   ;
; WIDTH_B                            ; 1                    ; Untyped                   ;
; WIDTHAD_B                          ; 1                    ; Untyped                   ;
; NUMWORDS_B                         ; 1                    ; Untyped                   ;
; INDATA_REG_B                       ; CLOCK1               ; Untyped                   ;
; WRCONTROL_WRADDRESS_REG_B          ; CLOCK1               ; Untyped                   ;
; RDCONTROL_REG_B                    ; CLOCK1               ; Untyped                   ;
; ADDRESS_REG_B                      ; CLOCK1               ; Untyped                   ;
; OUTDATA_REG_B                      ; UNREGISTERED         ; Untyped                   ;
; BYTEENA_REG_B                      ; CLOCK1               ; Untyped                   ;
; INDATA_ACLR_B                      ; NONE                 ; Untyped                   ;
; WRCONTROL_ACLR_B                   ; NONE                 ; Untyped                   ;
; ADDRESS_ACLR_B                     ; NONE                 ; Untyped                   ;
; OUTDATA_ACLR_B                     ; NONE                 ; Untyped                   ;
; RDCONTROL_ACLR_B                   ; NONE                 ; Untyped                   ;
; BYTEENA_ACLR_B                     ; NONE                 ; Untyped                   ;
; WIDTH_BYTEENA_A                    ; 1                    ; Signed Integer            ;
; WIDTH_BYTEENA_B                    ; 1                    ; Untyped                   ;
; RAM_BLOCK_TYPE                     ; AUTO                 ; Untyped                   ;
; BYTE_SIZE                          ; 8                    ; Untyped                   ;
; READ_DURING_WRITE_MODE_MIXED_PORTS ; DONT_CARE            ; Untyped                   ;
; READ_DURING_WRITE_MODE_PORT_A      ; NEW_DATA_NO_NBE_READ ; Untyped                   ;
; READ_DURING_WRITE_MODE_PORT_B      ; NEW_DATA_NO_NBE_READ ; Untyped                   ;
; INIT_FILE                          ; ram_data_test1.mif   ; Untyped                   ;
; INIT_FILE_LAYOUT                   ; PORT_A               ; Untyped                   ;
; MAXIMUM_DEPTH                      ; 0                    ; Untyped                   ;
; CLOCK_ENABLE_INPUT_A               ; BYPASS               ; Untyped                   ;
; CLOCK_ENABLE_INPUT_B               ; NORMAL               ; Untyped                   ;
; CLOCK_ENABLE_OUTPUT_A              ; BYPASS               ; Untyped                   ;
; CLOCK_ENABLE_OUTPUT_B              ; NORMAL               ; Untyped                   ;
; CLOCK_ENABLE_CORE_A                ; USE_INPUT_CLKEN      ; Untyped                   ;
; CLOCK_ENABLE_CORE_B                ; USE_INPUT_CLKEN      ; Untyped                   ;
; ENABLE_ECC                         ; FALSE                ; Untyped                   ;
; ECC_PIPELINE_STAGE_ENABLED         ; FALSE                ; Untyped                   ;
; WIDTH_ECCSTATUS                    ; 3                    ; Untyped                   ;
; DEVICE_FAMILY                      ; Cyclone V            ; Untyped                   ;
; CBXI_PARAMETER                     ; altsyncram_94p1      ; Untyped                   ;
+------------------------------------+----------------------+---------------------------+
Note: In order to hide this table in the UI and the text report file, please set the "Show Parameter Settings in Synthesis Report" option in "Analysis and Synthesis Settings -> More Settings" to "Off".


+--------------------------------------------------------------------------------------+
; altsyncram Parameter Settings by Entity Instance                                     ;
+-------------------------------------------+------------------------------------------+
; Name                                      ; Value                                    ;
+-------------------------------------------+------------------------------------------+
; Number of entity instances                ; 1                                        ;
; Entity Instance                           ; ram1:dut|altsyncram:altsyncram_component ;
;     -- OPERATION_MODE                     ; SINGLE_PORT                              ;
;     -- WIDTH_A                            ; 8                                        ;
;     -- NUMWORDS_A                         ; 64                                       ;
;     -- OUTDATA_REG_A                      ; UNREGISTERED                             ;
;     -- WIDTH_B                            ; 1                                        ;
;     -- NUMWORDS_B                         ; 1                                        ;
;     -- ADDRESS_REG_B                      ; CLOCK1                                   ;
;     -- OUTDATA_REG_B                      ; UNREGISTERED                             ;
;     -- RAM_BLOCK_TYPE                     ; AUTO                                     ;
;     -- READ_DURING_WRITE_MODE_MIXED_PORTS ; DONT_CARE                                ;
+-------------------------------------------+------------------------------------------+


+---------------------------------------------------------------------------------------------------------------------------+
; Analysis & Elaboration Settings                                                                                           ;
+---------------------------------------------------------------------------------+--------------------+--------------------+
; Option                                                                          ; Setting            ; Default Value      ;
+---------------------------------------------------------------------------------+--------------------+--------------------+
; Device                                                                          ; 5CSEMA5F31C6       ;                    ;
; Top-level entity name                                                           ; ram_tb             ; BrightnessFilter   ;
; Family name                                                                     ; Cyclone V          ; Cyclone V          ;
; Use smart compilation                                                           ; Off                ; Off                ;
; Enable parallel Assembler and Timing Analyzer during compilation                ; On                 ; On                 ;
; Enable compact report table                                                     ; Off                ; Off                ;
; Restructure Multiplexers                                                        ; Auto               ; Auto               ;
; MLAB Add Timing Constraints For Mixed-Port Feed-Through Mode Setting Don't Care ; Off                ; Off                ;
; Create Debugging Nodes for IP Cores                                             ; Off                ; Off                ;
; Preserve fewer node names                                                       ; On                 ; On                 ;
; Intel FPGA IP Evaluation Mode                                                   ; Enable             ; Enable             ;
; Verilog Version                                                                 ; Verilog_2001       ; Verilog_2001       ;
; VHDL Version                                                                    ; VHDL_1993          ; VHDL_1993          ;
; State Machine Processing                                                        ; Auto               ; Auto               ;
; Safe State Machine                                                              ; Off                ; Off                ;
; Extract Verilog State Machines                                                  ; On                 ; On                 ;
; Extract VHDL State Machines                                                     ; On                 ; On                 ;
; Ignore Verilog initial constructs                                               ; Off                ; Off                ;
; Iteration limit for constant Verilog loops                                      ; 5000               ; 5000               ;
; Iteration limit for non-constant Verilog loops                                  ; 250                ; 250                ;
; Add Pass-Through Logic to Inferred RAMs                                         ; On                 ; On                 ;
; Infer RAMs from Raw Logic                                                       ; On                 ; On                 ;
; Parallel Synthesis                                                              ; On                 ; On                 ;
; DSP Block Balancing                                                             ; Auto               ; Auto               ;
; NOT Gate Push-Back                                                              ; On                 ; On                 ;
; Power-Up Don't Care                                                             ; On                 ; On                 ;
; Remove Redundant Logic Cells                                                    ; Off                ; Off                ;
; Remove Duplicate Registers                                                      ; On                 ; On                 ;
; Ignore CARRY Buffers                                                            ; Off                ; Off                ;
; Ignore CASCADE Buffers                                                          ; Off                ; Off                ;
; Ignore GLOBAL Buffers                                                           ; Off                ; Off                ;
; Ignore ROW GLOBAL Buffers                                                       ; Off                ; Off                ;
; Ignore LCELL Buffers                                                            ; Off                ; Off                ;
; Ignore SOFT Buffers                                                             ; On                 ; On                 ;
; Limit AHDL Integers to 32 Bits                                                  ; Off                ; Off                ;
; Optimization Technique                                                          ; Balanced           ; Balanced           ;
; Carry Chain Length                                                              ; 70                 ; 70                 ;
; Auto Carry Chains                                                               ; On                 ; On                 ;
; Auto Open-Drain Pins                                                            ; On                 ; On                 ;
; Perform WYSIWYG Primitive Resynthesis                                           ; Off                ; Off                ;
; Auto ROM Replacement                                                            ; On                 ; On                 ;
; Auto RAM Replacement                                                            ; On                 ; On                 ;
; Auto DSP Block Replacement                                                      ; On                 ; On                 ;
; Auto Shift Register Replacement                                                 ; Auto               ; Auto               ;
; Allow Shift Register Merging across Hierarchies                                 ; Auto               ; Auto               ;
; Auto Clock Enable Replacement                                                   ; On                 ; On                 ;
; Strict RAM Replacement                                                          ; Off                ; Off                ;
; Allow Synchronous Control Signals                                               ; On                 ; On                 ;
; Force Use of Synchronous Clear Signals                                          ; Off                ; Off                ;
; Auto Resource Sharing                                                           ; Off                ; Off                ;
; Allow Any RAM Size For Recognition                                              ; Off                ; Off                ;
; Allow Any ROM Size For Recognition                                              ; Off                ; Off                ;
; Allow Any Shift Register Size For Recognition                                   ; Off                ; Off                ;
; Use LogicLock Constraints during Resource Balancing                             ; On                 ; On                 ;
; Ignore translate_off and synthesis_off directives                               ; Off                ; Off                ;
; Timing-Driven Synthesis                                                         ; On                 ; On                 ;
; Report Parameter Settings                                                       ; On                 ; On                 ;
; Report Source Assignments                                                       ; On                 ; On                 ;
; Report Connectivity Checks                                                      ; On                 ; On                 ;
; Ignore Maximum Fan-Out Assignments                                              ; Off                ; Off                ;
; Synchronization Register Chain Length                                           ; 3                  ; 3                  ;
; Power Optimization During Synthesis                                             ; Normal compilation ; Normal compilation ;
; HDL message level                                                               ; Level2             ; Level2             ;
; Suppress Register Optimization Related Messages                                 ; Off                ; Off                ;
; Number of Removed Registers Reported in Synthesis Report                        ; 5000               ; 5000               ;
; Number of Swept Nodes Reported in Synthesis Report                              ; 5000               ; 5000               ;
; Number of Inverted Registers Reported in Synthesis Report                       ; 100                ; 100                ;
; Clock MUX Protection                                                            ; On                 ; On                 ;
; Auto Gated Clock Conversion                                                     ; Off                ; Off                ;
; Block Design Naming                                                             ; Auto               ; Auto               ;
; SDC constraint protection                                                       ; Off                ; Off                ;
; Synthesis Effort                                                                ; Auto               ; Auto               ;
; Shift Register Replacement - Allow Asynchronous Clear Signal                    ; On                 ; On                 ;
; Pre-Mapping Resynthesis Optimization                                            ; Off                ; Off                ;
; Analysis & Synthesis Message Level                                              ; Medium             ; Medium             ;
; Disable Register Merging Across Hierarchies                                     ; Auto               ; Auto               ;
; Resource Aware Inference For Block RAM                                          ; On                 ; On                 ;
; Automatic Parallel Synthesis                                                    ; On                 ; On                 ;
; Partial Reconfiguration Bitstream ID                                            ; Off                ; Off                ;
+---------------------------------------------------------------------------------+--------------------+--------------------+


+-------------------------------------------------------------------------------------------------------------------+
; Port Connectivity Checks: "ram1:dut"                                                                              ;
+---------+--------+----------+-------------------------------------------------------------------------------------+
; Port    ; Type   ; Severity ; Details                                                                             ;
+---------+--------+----------+-------------------------------------------------------------------------------------+
; address ; Input  ; Info     ; Stuck at VCC                                                                        ;
; data    ; Input  ; Info     ; Stuck at GND                                                                        ;
; wren    ; Input  ; Info     ; Stuck at GND                                                                        ;
; q       ; Output ; Info     ; Connected to dangling logic. Logic that only feeds a dangling port will be removed. ;
+---------+--------+----------+-------------------------------------------------------------------------------------+


+---------------------------------+
; Analysis & Elaboration Messages ;
+---------------------------------+
Info: *******************************************************************
Info: Running Quartus Prime Analysis & Elaboration
    Info: Version 20.1.0 Build 711 06/05/2020 SJ Lite Edition
    Info: Processing started: Mon Jun 16 01:02:56 2025
Info: Command: quartus_map --read_settings_files=on --write_settings_files=off BrightnessFilter -c BrightnessFilter --analysis_and_elaboration
Warning (18236): Number of processors has not been specified which may cause overloading on shared machines.  Set the global assignment NUM_PARALLEL_PROCESSORS in your QSF to an appropriate value for best performance.
Info (20030): Parallel compilation is enabled and will use 16 of the 16 processors detected
Info (12021): Found 1 design units, including 1 entities, in source file tpu.sv
    Info (12023): Found entity 1: TPU File: C:/Users/Daniel/Desktop/Arqui2ProyectoRepositorio/Systolic_Array_GaussianFilter/SystemVerilogBrightness/TPU.sv Line: 1
Info (12021): Found 1 design units, including 1 entities, in source file mac_module.sv
    Info (12023): Found entity 1: MAC File: C:/Users/Daniel/Desktop/Arqui2ProyectoRepositorio/Systolic_Array_GaussianFilter/SystemVerilogBrightness/MAC_module.sv Line: 1
Info (12021): Found 1 design units, including 1 entities, in source file mmu_tb.sv
    Info (12023): Found entity 1: MMU_tb File: C:/Users/Daniel/Desktop/Arqui2ProyectoRepositorio/Systolic_Array_GaussianFilter/SystemVerilogBrightness/MMU_tb.sv Line: 3
Info (12021): Found 1 design units, including 1 entities, in source file mmu_negative_tb.sv
    Info (12023): Found entity 1: MMU_negative_tb File: C:/Users/Daniel/Desktop/Arqui2ProyectoRepositorio/Systolic_Array_GaussianFilter/SystemVerilogBrightness/MMU_negative_tb.sv Line: 3
Info (12021): Found 1 design units, including 1 entities, in source file normalizer.sv
    Info (12023): Found entity 1: Normalizer File: C:/Users/Daniel/Desktop/Arqui2ProyectoRepositorio/Systolic_Array_GaussianFilter/SystemVerilogBrightness/Normalizer.sv Line: 1
Info (12021): Found 1 design units, including 1 entities, in source file ram1.v
    Info (12023): Found entity 1: ram1 File: C:/Users/Daniel/Desktop/Arqui2ProyectoRepositorio/Systolic_Array_GaussianFilter/SystemVerilogBrightness/ram1.v Line: 40
Info (12021): Found 1 design units, including 1 entities, in source file ram_tb.sv
    Info (12023): Found entity 1: ram_tb File: C:/Users/Daniel/Desktop/Arqui2ProyectoRepositorio/Systolic_Array_GaussianFilter/SystemVerilogBrightness/ram_tb.sv Line: 3
Info (12021): Found 1 design units, including 1 entities, in source file ram2.v
    Info (12023): Found entity 1: ram2 File: C:/Users/Daniel/Desktop/Arqui2ProyectoRepositorio/Systolic_Array_GaussianFilter/SystemVerilogBrightness/ram2.v Line: 40
Info (12127): Elaborating entity "ram_tb" for the top level hierarchy
Warning (10755): Verilog HDL warning at ram_tb.sv(23): assignments to clock create a combinational loop File: C:/Users/Daniel/Desktop/Arqui2ProyectoRepositorio/Systolic_Array_GaussianFilter/SystemVerilogBrightness/ram_tb.sv Line: 23
Info (10648): Verilog HDL Display System Task info at ram_tb.sv(30): Leyendo memoria inicializada desde .mif File: C:/Users/Daniel/Desktop/Arqui2ProyectoRepositorio/Systolic_Array_GaussianFilter/SystemVerilogBrightness/ram_tb.sv Line: 30
Info (10648): Verilog HDL Display System Task info at ram_tb.sv(31): ----------------------------- File: C:/Users/Daniel/Desktop/Arqui2ProyectoRepositorio/Systolic_Array_GaussianFilter/SystemVerilogBrightness/ram_tb.sv Line: 31
Info (10648): Verilog HDL Display System Task info at ram_tb.sv(32): |  Addr  |   Dato en q      | File: C:/Users/Daniel/Desktop/Arqui2ProyectoRepositorio/Systolic_Array_GaussianFilter/SystemVerilogBrightness/ram_tb.sv Line: 32
Info (10648): Verilog HDL Display System Task info at ram_tb.sv(33): ----------------------------- File: C:/Users/Daniel/Desktop/Arqui2ProyectoRepositorio/Systolic_Array_GaussianFilter/SystemVerilogBrightness/ram_tb.sv Line: 33
Warning (10230): Verilog HDL assignment warning at ram_tb.sv(37): truncated value with size 32 to match size of target (6) File: C:/Users/Daniel/Desktop/Arqui2ProyectoRepositorio/Systolic_Array_GaussianFilter/SystemVerilogBrightness/ram_tb.sv Line: 37
Info (10648): Verilog HDL Display System Task info at ram_tb.sv(39): |   %2d   |       %3d       | File: C:/Users/Daniel/Desktop/Arqui2ProyectoRepositorio/Systolic_Array_GaussianFilter/SystemVerilogBrightness/ram_tb.sv Line: 39
Info (10648): Verilog HDL Display System Task info at ram_tb.sv(39): |   %2d   |       %3d       | File: C:/Users/Daniel/Desktop/Arqui2ProyectoRepositorio/Systolic_Array_GaussianFilter/SystemVerilogBrightness/ram_tb.sv Line: 39
Info (10648): Verilog HDL Display System Task info at ram_tb.sv(39): |   %2d   |       %3d       | File: C:/Users/Daniel/Desktop/Arqui2ProyectoRepositorio/Systolic_Array_GaussianFilter/SystemVerilogBrightness/ram_tb.sv Line: 39
Info (10648): Verilog HDL Display System Task info at ram_tb.sv(39): |   %2d   |       %3d       | File: C:/Users/Daniel/Desktop/Arqui2ProyectoRepositorio/Systolic_Array_GaussianFilter/SystemVerilogBrightness/ram_tb.sv Line: 39
Info (10648): Verilog HDL Display System Task info at ram_tb.sv(39): |   %2d   |       %3d       | File: C:/Users/Daniel/Desktop/Arqui2ProyectoRepositorio/Systolic_Array_GaussianFilter/SystemVerilogBrightness/ram_tb.sv Line: 39
Info (10648): Verilog HDL Display System Task info at ram_tb.sv(39): |   %2d   |       %3d       | File: C:/Users/Daniel/Desktop/Arqui2ProyectoRepositorio/Systolic_Array_GaussianFilter/SystemVerilogBrightness/ram_tb.sv Line: 39
Info (10648): Verilog HDL Display System Task info at ram_tb.sv(39): |   %2d   |       %3d       | File: C:/Users/Daniel/Desktop/Arqui2ProyectoRepositorio/Systolic_Array_GaussianFilter/SystemVerilogBrightness/ram_tb.sv Line: 39
Info (10648): Verilog HDL Display System Task info at ram_tb.sv(39): |   %2d   |       %3d       | File: C:/Users/Daniel/Desktop/Arqui2ProyectoRepositorio/Systolic_Array_GaussianFilter/SystemVerilogBrightness/ram_tb.sv Line: 39
Info (10648): Verilog HDL Display System Task info at ram_tb.sv(39): |   %2d   |       %3d       | File: C:/Users/Daniel/Desktop/Arqui2ProyectoRepositorio/Systolic_Array_GaussianFilter/SystemVerilogBrightness/ram_tb.sv Line: 39
Info (10648): Verilog HDL Display System Task info at ram_tb.sv(39): |   %2d   |       %3d       | File: C:/Users/Daniel/Desktop/Arqui2ProyectoRepositorio/Systolic_Array_GaussianFilter/SystemVerilogBrightness/ram_tb.sv Line: 39
Info (10648): Verilog HDL Display System Task info at ram_tb.sv(39): |   %2d   |       %3d       | File: C:/Users/Daniel/Desktop/Arqui2ProyectoRepositorio/Systolic_Array_GaussianFilter/SystemVerilogBrightness/ram_tb.sv Line: 39
Info (10648): Verilog HDL Display System Task info at ram_tb.sv(39): |   %2d   |       %3d       | File: C:/Users/Daniel/Desktop/Arqui2ProyectoRepositorio/Systolic_Array_GaussianFilter/SystemVerilogBrightness/ram_tb.sv Line: 39
Info (10648): Verilog HDL Display System Task info at ram_tb.sv(39): |   %2d   |       %3d       | File: C:/Users/Daniel/Desktop/Arqui2ProyectoRepositorio/Systolic_Array_GaussianFilter/SystemVerilogBrightness/ram_tb.sv Line: 39
Info (10648): Verilog HDL Display System Task info at ram_tb.sv(39): |   %2d   |       %3d       | File: C:/Users/Daniel/Desktop/Arqui2ProyectoRepositorio/Systolic_Array_GaussianFilter/SystemVerilogBrightness/ram_tb.sv Line: 39
Info (10648): Verilog HDL Display System Task info at ram_tb.sv(39): |   %2d   |       %3d       | File: C:/Users/Daniel/Desktop/Arqui2ProyectoRepositorio/Systolic_Array_GaussianFilter/SystemVerilogBrightness/ram_tb.sv Line: 39
Info (10648): Verilog HDL Display System Task info at ram_tb.sv(39): |   %2d   |       %3d       | File: C:/Users/Daniel/Desktop/Arqui2ProyectoRepositorio/Systolic_Array_GaussianFilter/SystemVerilogBrightness/ram_tb.sv Line: 39
Info (10648): Verilog HDL Display System Task info at ram_tb.sv(39): |   %2d   |       %3d       | File: C:/Users/Daniel/Desktop/Arqui2ProyectoRepositorio/Systolic_Array_GaussianFilter/SystemVerilogBrightness/ram_tb.sv Line: 39
Info (10648): Verilog HDL Display System Task info at ram_tb.sv(39): |   %2d   |       %3d       | File: C:/Users/Daniel/Desktop/Arqui2ProyectoRepositorio/Systolic_Array_GaussianFilter/SystemVerilogBrightness/ram_tb.sv Line: 39
Info (10648): Verilog HDL Display System Task info at ram_tb.sv(39): |   %2d   |       %3d       | File: C:/Users/Daniel/Desktop/Arqui2ProyectoRepositorio/Systolic_Array_GaussianFilter/SystemVerilogBrightness/ram_tb.sv Line: 39
Info (10648): Verilog HDL Display System Task info at ram_tb.sv(39): |   %2d   |       %3d       | File: C:/Users/Daniel/Desktop/Arqui2ProyectoRepositorio/Systolic_Array_GaussianFilter/SystemVerilogBrightness/ram_tb.sv Line: 39
Info (10648): Verilog HDL Display System Task info at ram_tb.sv(39): |   %2d   |       %3d       | File: C:/Users/Daniel/Desktop/Arqui2ProyectoRepositorio/Systolic_Array_GaussianFilter/SystemVerilogBrightness/ram_tb.sv Line: 39
Info (10648): Verilog HDL Display System Task info at ram_tb.sv(39): |   %2d   |       %3d       | File: C:/Users/Daniel/Desktop/Arqui2ProyectoRepositorio/Systolic_Array_GaussianFilter/SystemVerilogBrightness/ram_tb.sv Line: 39
Info (10648): Verilog HDL Display System Task info at ram_tb.sv(39): |   %2d   |       %3d       | File: C:/Users/Daniel/Desktop/Arqui2ProyectoRepositorio/Systolic_Array_GaussianFilter/SystemVerilogBrightness/ram_tb.sv Line: 39
Info (10648): Verilog HDL Display System Task info at ram_tb.sv(39): |   %2d   |       %3d       | File: C:/Users/Daniel/Desktop/Arqui2ProyectoRepositorio/Systolic_Array_GaussianFilter/SystemVerilogBrightness/ram_tb.sv Line: 39
Info (10648): Verilog HDL Display System Task info at ram_tb.sv(39): |   %2d   |       %3d       | File: C:/Users/Daniel/Desktop/Arqui2ProyectoRepositorio/Systolic_Array_GaussianFilter/SystemVerilogBrightness/ram_tb.sv Line: 39
Info (10648): Verilog HDL Display System Task info at ram_tb.sv(39): |   %2d   |       %3d       | File: C:/Users/Daniel/Desktop/Arqui2ProyectoRepositorio/Systolic_Array_GaussianFilter/SystemVerilogBrightness/ram_tb.sv Line: 39
Info (10648): Verilog HDL Display System Task info at ram_tb.sv(39): |   %2d   |       %3d       | File: C:/Users/Daniel/Desktop/Arqui2ProyectoRepositorio/Systolic_Array_GaussianFilter/SystemVerilogBrightness/ram_tb.sv Line: 39
Info (10648): Verilog HDL Display System Task info at ram_tb.sv(39): |   %2d   |       %3d       | File: C:/Users/Daniel/Desktop/Arqui2ProyectoRepositorio/Systolic_Array_GaussianFilter/SystemVerilogBrightness/ram_tb.sv Line: 39
Info (10648): Verilog HDL Display System Task info at ram_tb.sv(39): |   %2d   |       %3d       | File: C:/Users/Daniel/Desktop/Arqui2ProyectoRepositorio/Systolic_Array_GaussianFilter/SystemVerilogBrightness/ram_tb.sv Line: 39
Info (10648): Verilog HDL Display System Task info at ram_tb.sv(39): |   %2d   |       %3d       | File: C:/Users/Daniel/Desktop/Arqui2ProyectoRepositorio/Systolic_Array_GaussianFilter/SystemVerilogBrightness/ram_tb.sv Line: 39
Info (10648): Verilog HDL Display System Task info at ram_tb.sv(39): |   %2d   |       %3d       | File: C:/Users/Daniel/Desktop/Arqui2ProyectoRepositorio/Systolic_Array_GaussianFilter/SystemVerilogBrightness/ram_tb.sv Line: 39
Info (10648): Verilog HDL Display System Task info at ram_tb.sv(39): |   %2d   |       %3d       | File: C:/Users/Daniel/Desktop/Arqui2ProyectoRepositorio/Systolic_Array_GaussianFilter/SystemVerilogBrightness/ram_tb.sv Line: 39
Info (10648): Verilog HDL Display System Task info at ram_tb.sv(39): |   %2d   |       %3d       | File: C:/Users/Daniel/Desktop/Arqui2ProyectoRepositorio/Systolic_Array_GaussianFilter/SystemVerilogBrightness/ram_tb.sv Line: 39
Info (10648): Verilog HDL Display System Task info at ram_tb.sv(39): |   %2d   |       %3d       | File: C:/Users/Daniel/Desktop/Arqui2ProyectoRepositorio/Systolic_Array_GaussianFilter/SystemVerilogBrightness/ram_tb.sv Line: 39
Info (10648): Verilog HDL Display System Task info at ram_tb.sv(39): |   %2d   |       %3d       | File: C:/Users/Daniel/Desktop/Arqui2ProyectoRepositorio/Systolic_Array_GaussianFilter/SystemVerilogBrightness/ram_tb.sv Line: 39
Info (10648): Verilog HDL Display System Task info at ram_tb.sv(39): |   %2d   |       %3d       | File: C:/Users/Daniel/Desktop/Arqui2ProyectoRepositorio/Systolic_Array_GaussianFilter/SystemVerilogBrightness/ram_tb.sv Line: 39
Info (10648): Verilog HDL Display System Task info at ram_tb.sv(39): |   %2d   |       %3d       | File: C:/Users/Daniel/Desktop/Arqui2ProyectoRepositorio/Systolic_Array_GaussianFilter/SystemVerilogBrightness/ram_tb.sv Line: 39
Info (10648): Verilog HDL Display System Task info at ram_tb.sv(39): |   %2d   |       %3d       | File: C:/Users/Daniel/Desktop/Arqui2ProyectoRepositorio/Systolic_Array_GaussianFilter/SystemVerilogBrightness/ram_tb.sv Line: 39
Info (10648): Verilog HDL Display System Task info at ram_tb.sv(39): |   %2d   |       %3d       | File: C:/Users/Daniel/Desktop/Arqui2ProyectoRepositorio/Systolic_Array_GaussianFilter/SystemVerilogBrightness/ram_tb.sv Line: 39
Info (10648): Verilog HDL Display System Task info at ram_tb.sv(39): |   %2d   |       %3d       | File: C:/Users/Daniel/Desktop/Arqui2ProyectoRepositorio/Systolic_Array_GaussianFilter/SystemVerilogBrightness/ram_tb.sv Line: 39
Info (10648): Verilog HDL Display System Task info at ram_tb.sv(39): |   %2d   |       %3d       | File: C:/Users/Daniel/Desktop/Arqui2ProyectoRepositorio/Systolic_Array_GaussianFilter/SystemVerilogBrightness/ram_tb.sv Line: 39
Info (10648): Verilog HDL Display System Task info at ram_tb.sv(39): |   %2d   |       %3d       | File: C:/Users/Daniel/Desktop/Arqui2ProyectoRepositorio/Systolic_Array_GaussianFilter/SystemVerilogBrightness/ram_tb.sv Line: 39
Info (10648): Verilog HDL Display System Task info at ram_tb.sv(39): |   %2d   |       %3d       | File: C:/Users/Daniel/Desktop/Arqui2ProyectoRepositorio/Systolic_Array_GaussianFilter/SystemVerilogBrightness/ram_tb.sv Line: 39
Info (10648): Verilog HDL Display System Task info at ram_tb.sv(39): |   %2d   |       %3d       | File: C:/Users/Daniel/Desktop/Arqui2ProyectoRepositorio/Systolic_Array_GaussianFilter/SystemVerilogBrightness/ram_tb.sv Line: 39
Info (10648): Verilog HDL Display System Task info at ram_tb.sv(39): |   %2d   |       %3d       | File: C:/Users/Daniel/Desktop/Arqui2ProyectoRepositorio/Systolic_Array_GaussianFilter/SystemVerilogBrightness/ram_tb.sv Line: 39
Info (10648): Verilog HDL Display System Task info at ram_tb.sv(39): |   %2d   |       %3d       | File: C:/Users/Daniel/Desktop/Arqui2ProyectoRepositorio/Systolic_Array_GaussianFilter/SystemVerilogBrightness/ram_tb.sv Line: 39
Info (10648): Verilog HDL Display System Task info at ram_tb.sv(39): |   %2d   |       %3d       | File: C:/Users/Daniel/Desktop/Arqui2ProyectoRepositorio/Systolic_Array_GaussianFilter/SystemVerilogBrightness/ram_tb.sv Line: 39
Info (10648): Verilog HDL Display System Task info at ram_tb.sv(39): |   %2d   |       %3d       | File: C:/Users/Daniel/Desktop/Arqui2ProyectoRepositorio/Systolic_Array_GaussianFilter/SystemVerilogBrightness/ram_tb.sv Line: 39
Info (10648): Verilog HDL Display System Task info at ram_tb.sv(39): |   %2d   |       %3d       | File: C:/Users/Daniel/Desktop/Arqui2ProyectoRepositorio/Systolic_Array_GaussianFilter/SystemVerilogBrightness/ram_tb.sv Line: 39
Info (10648): Verilog HDL Display System Task info at ram_tb.sv(39): |   %2d   |       %3d       | File: C:/Users/Daniel/Desktop/Arqui2ProyectoRepositorio/Systolic_Array_GaussianFilter/SystemVerilogBrightness/ram_tb.sv Line: 39
Info (10648): Verilog HDL Display System Task info at ram_tb.sv(39): |   %2d   |       %3d       | File: C:/Users/Daniel/Desktop/Arqui2ProyectoRepositorio/Systolic_Array_GaussianFilter/SystemVerilogBrightness/ram_tb.sv Line: 39
Info (10648): Verilog HDL Display System Task info at ram_tb.sv(39): |   %2d   |       %3d       | File: C:/Users/Daniel/Desktop/Arqui2ProyectoRepositorio/Systolic_Array_GaussianFilter/SystemVerilogBrightness/ram_tb.sv Line: 39
Info (10648): Verilog HDL Display System Task info at ram_tb.sv(39): |   %2d   |       %3d       | File: C:/Users/Daniel/Desktop/Arqui2ProyectoRepositorio/Systolic_Array_GaussianFilter/SystemVerilogBrightness/ram_tb.sv Line: 39
Info (10648): Verilog HDL Display System Task info at ram_tb.sv(39): |   %2d   |       %3d       | File: C:/Users/Daniel/Desktop/Arqui2ProyectoRepositorio/Systolic_Array_GaussianFilter/SystemVerilogBrightness/ram_tb.sv Line: 39
Info (10648): Verilog HDL Display System Task info at ram_tb.sv(39): |   %2d   |       %3d       | File: C:/Users/Daniel/Desktop/Arqui2ProyectoRepositorio/Systolic_Array_GaussianFilter/SystemVerilogBrightness/ram_tb.sv Line: 39
Info (10648): Verilog HDL Display System Task info at ram_tb.sv(39): |   %2d   |       %3d       | File: C:/Users/Daniel/Desktop/Arqui2ProyectoRepositorio/Systolic_Array_GaussianFilter/SystemVerilogBrightness/ram_tb.sv Line: 39
Info (10648): Verilog HDL Display System Task info at ram_tb.sv(39): |   %2d   |       %3d       | File: C:/Users/Daniel/Desktop/Arqui2ProyectoRepositorio/Systolic_Array_GaussianFilter/SystemVerilogBrightness/ram_tb.sv Line: 39
Info (10648): Verilog HDL Display System Task info at ram_tb.sv(39): |   %2d   |       %3d       | File: C:/Users/Daniel/Desktop/Arqui2ProyectoRepositorio/Systolic_Array_GaussianFilter/SystemVerilogBrightness/ram_tb.sv Line: 39
Info (10648): Verilog HDL Display System Task info at ram_tb.sv(39): |   %2d   |       %3d       | File: C:/Users/Daniel/Desktop/Arqui2ProyectoRepositorio/Systolic_Array_GaussianFilter/SystemVerilogBrightness/ram_tb.sv Line: 39
Info (10648): Verilog HDL Display System Task info at ram_tb.sv(39): |   %2d   |       %3d       | File: C:/Users/Daniel/Desktop/Arqui2ProyectoRepositorio/Systolic_Array_GaussianFilter/SystemVerilogBrightness/ram_tb.sv Line: 39
Info (10648): Verilog HDL Display System Task info at ram_tb.sv(39): |   %2d   |       %3d       | File: C:/Users/Daniel/Desktop/Arqui2ProyectoRepositorio/Systolic_Array_GaussianFilter/SystemVerilogBrightness/ram_tb.sv Line: 39
Info (10648): Verilog HDL Display System Task info at ram_tb.sv(39): |   %2d   |       %3d       | File: C:/Users/Daniel/Desktop/Arqui2ProyectoRepositorio/Systolic_Array_GaussianFilter/SystemVerilogBrightness/ram_tb.sv Line: 39
Info (10648): Verilog HDL Display System Task info at ram_tb.sv(39): |   %2d   |       %3d       | File: C:/Users/Daniel/Desktop/Arqui2ProyectoRepositorio/Systolic_Array_GaussianFilter/SystemVerilogBrightness/ram_tb.sv Line: 39
Info (10648): Verilog HDL Display System Task info at ram_tb.sv(39): |   %2d   |       %3d       | File: C:/Users/Daniel/Desktop/Arqui2ProyectoRepositorio/Systolic_Array_GaussianFilter/SystemVerilogBrightness/ram_tb.sv Line: 39
Info (10648): Verilog HDL Display System Task info at ram_tb.sv(42): ----------------------------- File: C:/Users/Daniel/Desktop/Arqui2ProyectoRepositorio/Systolic_Array_GaussianFilter/SystemVerilogBrightness/ram_tb.sv Line: 42
Warning (10175): Verilog HDL warning at ram_tb.sv(43): ignoring unsupported system task File: C:/Users/Daniel/Desktop/Arqui2ProyectoRepositorio/Systolic_Array_GaussianFilter/SystemVerilogBrightness/ram_tb.sv Line: 43
Info (12128): Elaborating entity "ram1" for hierarchy "ram1:dut" File: C:/Users/Daniel/Desktop/Arqui2ProyectoRepositorio/Systolic_Array_GaussianFilter/SystemVerilogBrightness/ram_tb.sv Line: 19
Info (12128): Elaborating entity "altsyncram" for hierarchy "ram1:dut|altsyncram:altsyncram_component" File: C:/Users/Daniel/Desktop/Arqui2ProyectoRepositorio/Systolic_Array_GaussianFilter/SystemVerilogBrightness/ram1.v Line: 86
Info (12130): Elaborated megafunction instantiation "ram1:dut|altsyncram:altsyncram_component" File: C:/Users/Daniel/Desktop/Arqui2ProyectoRepositorio/Systolic_Array_GaussianFilter/SystemVerilogBrightness/ram1.v Line: 86
Info (12133): Instantiated megafunction "ram1:dut|altsyncram:altsyncram_component" with the following parameter: File: C:/Users/Daniel/Desktop/Arqui2ProyectoRepositorio/Systolic_Array_GaussianFilter/SystemVerilogBrightness/ram1.v Line: 86
    Info (12134): Parameter "clock_enable_input_a" = "BYPASS"
    Info (12134): Parameter "clock_enable_output_a" = "BYPASS"
    Info (12134): Parameter "init_file" = "ram_data_test1.mif"
    Info (12134): Parameter "intended_device_family" = "Cyclone V"
    Info (12134): Parameter "lpm_hint" = "ENABLE_RUNTIME_MOD=NO"
    Info (12134): Parameter "lpm_type" = "altsyncram"
    Info (12134): Parameter "numwords_a" = "64"
    Info (12134): Parameter "operation_mode" = "SINGLE_PORT"
    Info (12134): Parameter "outdata_aclr_a" = "NONE"
    Info (12134): Parameter "outdata_reg_a" = "UNREGISTERED"
    Info (12134): Parameter "power_up_uninitialized" = "FALSE"
    Info (12134): Parameter "read_during_write_mode_port_a" = "NEW_DATA_NO_NBE_READ"
    Info (12134): Parameter "widthad_a" = "6"
    Info (12134): Parameter "width_a" = "8"
    Info (12134): Parameter "width_byteena_a" = "1"
Info (12021): Found 1 design units, including 1 entities, in source file db/altsyncram_94p1.tdf
    Info (12023): Found entity 1: altsyncram_94p1 File: C:/Users/Daniel/Desktop/Arqui2ProyectoRepositorio/Systolic_Array_GaussianFilter/SystemVerilogBrightness/db/altsyncram_94p1.tdf Line: 28
Info (12128): Elaborating entity "altsyncram_94p1" for hierarchy "ram1:dut|altsyncram:altsyncram_component|altsyncram_94p1:auto_generated" File: c:/intelfpga_lite/20.1/quartus/libraries/megafunctions/altsyncram.tdf Line: 792
Info: Quartus Prime Analysis & Elaboration was successful. 0 errors, 4 warnings
    Info: Peak virtual memory: 4781 megabytes
    Info: Processing ended: Mon Jun 16 01:03:02 2025
    Info: Elapsed time: 00:00:06
    Info: Total CPU time (on all processors): 00:00:16


